c:\users\ronald\desktop\fft-vs2015\fourier transformation\source\fft_rgb\x64\release\vc140.pdb
c:\users\ronald\desktop\fft-vs2015\fourier transformation\source\fft_rgb\x64\release\mycolor.obj
c:\users\ronald\desktop\fft-vs2015\fourier transformation\source\fft_rgb\x64\release\fft_rgb.obj
c:\users\ronald\desktop\fft-vs2015\fourier transformation\source\fft_rgb\x64\release\fft_rgb.rr
c:\users\ronald\desktop\fft-vs2015\fourier transformation\source\fft_rgb\x64\release\fft_rgb.lib
c:\users\ronald\desktop\fft-vs2015\fourier transformation\source\fft_rgb\x64\release\fft_rgb.exp
c:\users\ronald\desktop\fft-vs2015\fourier transformation\source\fft_rgb\x64\release\fft_rgb.8bf
c:\users\ronald\desktop\fft-vs2015\fourier transformation\source\fft_rgb\x64\release\fft_rgb.ipdb
c:\users\ronald\desktop\fft-vs2015\fourier transformation\source\fft_rgb\x64\release\fft_rgb.iobj
c:\users\ronald\desktop\fft-vs2015\fourier transformation\source\fft_rgb\x64\release\fft_rgb.pdb
c:\users\ronald\desktop\fft-vs2015\fourier transformation\source\fft_rgb\x64\release\fft_rgb.res
c:\users\ronald\desktop\fft-vs2015\fourier transformation\source\fft_rgb\x64\release\fft_rgb.tlog\cl.command.1.tlog
c:\users\ronald\desktop\fft-vs2015\fourier transformation\source\fft_rgb\x64\release\fft_rgb.tlog\cl.read.1.tlog
c:\users\ronald\desktop\fft-vs2015\fourier transformation\source\fft_rgb\x64\release\fft_rgb.tlog\cl.write.1.tlog
c:\users\ronald\desktop\fft-vs2015\fourier transformation\source\fft_rgb\x64\release\fft_rgb.tlog\custombuild.command.1.tlog
c:\users\ronald\desktop\fft-vs2015\fourier transformation\source\fft_rgb\x64\release\fft_rgb.tlog\custombuild.read.1.tlog
c:\users\ronald\desktop\fft-vs2015\fourier transformation\source\fft_rgb\x64\release\fft_rgb.tlog\custombuild.write.1.tlog
c:\users\ronald\desktop\fft-vs2015\fourier transformation\source\fft_rgb\x64\release\fft_rgb.tlog\fft_rgb.write.1u.tlog
c:\users\ronald\desktop\fft-vs2015\fourier transformation\source\fft_rgb\x64\release\fft_rgb.tlog\link.command.1.tlog
c:\users\ronald\desktop\fft-vs2015\fourier transformation\source\fft_rgb\x64\release\fft_rgb.tlog\link.read.1.tlog
c:\users\ronald\desktop\fft-vs2015\fourier transformation\source\fft_rgb\x64\release\fft_rgb.tlog\link.write.1.tlog
c:\users\ronald\desktop\fft-vs2015\fourier transformation\source\fft_rgb\x64\release\fft_rgb.tlog\rc.command.1.tlog
c:\users\ronald\desktop\fft-vs2015\fourier transformation\source\fft_rgb\x64\release\fft_rgb.tlog\rc.read.1.tlog
c:\users\ronald\desktop\fft-vs2015\fourier transformation\source\fft_rgb\x64\release\fft_rgb.tlog\rc.write.1.tlog
